<?xml version="1.0" encoding="utf-8"?><testsuites name="pytest tests"><testsuite name="pytest" errors="0" failures="2" skipped="0" tests="16" time="5.894" timestamp="2026-05-22T10:03:49.030434+00:00" hostname="agent-env-d837314e-a5d6-4aaf-831f-d96a1720db33"><testcase classname="backend.tests.test_auth_stripe" name="test_root" time="0.224" /><testcase classname="backend.tests.test_auth_stripe.TestSignupLoginMe" name="test_signup_creates_user_with_defaults" time="0.375" /><testcase classname="backend.tests.test_auth_stripe.TestSignupLoginMe" name="test_signup_duplicate_email_rejected" time="0.449" /><testcase classname="backend.tests.test_auth_stripe.TestSignupLoginMe" name="test_admin_login_returns_admin_role" time="0.373" /><testcase classname="backend.tests.test_auth_stripe.TestSignupLoginMe" name="test_logout_clears_cookies" time="0.438" /><testcase classname="backend.tests.test_auth_stripe.TestSignupLoginMe" name="test_me_requires_auth" time="0.111" /><testcase classname="backend.tests.test_auth_stripe.TestBruteForce" name="test_lockout_after_failures" time="0.642"><failure message="AssertionError: Expected 429 after 6 fails, got 401&#10;assert 401 == 429">backend/tests/test_auth_stripe.py:97: in test_lockout_after_failures
    assert last_status == 429, f"Expected 429 after 6 fails, got {last_status}"
E   AssertionError: Expected 429 after 6 fails, got 401
E   assert 401 == 429</failure></testcase><testcase classname="backend.tests.test_auth_stripe.TestEmergentSession" name="test_session_missing_session_id_returns_400" time="0.134" /><testcase classname="backend.tests.test_auth_stripe.TestEmergentSession" name="test_session_invalid_session_id_returns_401" time="0.328" /><testcase classname="backend.tests.test_auth_stripe.TestStripePricing" name="test_pricing_returns_six_tiers" time="0.131" /><testcase classname="backend.tests.test_auth_stripe.TestStripeCheckout" name="test_checkout_requires_auth" time="0.098" /><testcase classname="backend.tests.test_auth_stripe.TestStripeCheckout" name="test_checkout_invalid_tier" time="0.392" /><testcase classname="backend.tests.test_auth_stripe.TestStripeCheckout" name="test_checkout_valid_creates_session" time="0.663" /><testcase classname="backend.tests.test_auth_stripe.TestStripeCheckout" name="test_status_own_session" time="0.218"><failure message="AssertionError: Internal Server Error&#10;assert 500 == 200&#10; +  where 500 = &lt;Response [500]&gt;.status_code">backend/tests/test_auth_stripe.py:163: in test_status_own_session
    assert r.status_code == 200, r.text
E   AssertionError: Internal Server Error
E   assert 500 == 200
E    +  where 500 = &lt;Response [500]&gt;.status_code</failure></testcase><testcase classname="backend.tests.test_auth_stripe.TestStripeCheckout" name="test_status_other_user_returns_403" time="0.840" /><testcase classname="backend.tests.test_auth_stripe.TestStripeCheckout" name="test_status_requires_auth" time="0.101" /></testsuite></testsuites>