<?xml version="1.0" encoding="utf-8"?><testsuites name="pytest tests"><testsuite name="pytest" errors="0" failures="0" skipped="0" tests="16" time="6.011" timestamp="2026-06-28T12:22:45.395340+00:00" hostname="agent-env-d837314e-a5d6-4aaf-831f-d96a1720db33"><testcase classname="backend.tests.test_auth_stripe" name="test_root" time="0.265" /><testcase classname="backend.tests.test_auth_stripe.TestSignupLoginMe" name="test_signup_creates_user_with_defaults" time="0.483" /><testcase classname="backend.tests.test_auth_stripe.TestSignupLoginMe" name="test_signup_duplicate_email_rejected" time="0.424" /><testcase classname="backend.tests.test_auth_stripe.TestSignupLoginMe" name="test_admin_login_returns_admin_role" time="0.403" /><testcase classname="backend.tests.test_auth_stripe.TestSignupLoginMe" name="test_logout_clears_cookies" time="0.435" /><testcase classname="backend.tests.test_auth_stripe.TestSignupLoginMe" name="test_me_requires_auth" time="0.130" /><testcase classname="backend.tests.test_auth_stripe.TestBruteForce" name="test_lockout_after_failures" time="0.690" /><testcase classname="backend.tests.test_auth_stripe.TestEmergentSession" name="test_session_missing_session_id_returns_400" time="0.133" /><testcase classname="backend.tests.test_auth_stripe.TestEmergentSession" name="test_session_invalid_session_id_returns_401" time="0.295" /><testcase classname="backend.tests.test_auth_stripe.TestStripePricing" name="test_pricing_returns_six_tiers" time="0.101" /><testcase classname="backend.tests.test_auth_stripe.TestStripeCheckout" name="test_checkout_requires_auth" time="0.103" /><testcase classname="backend.tests.test_auth_stripe.TestStripeCheckout" name="test_checkout_invalid_tier" time="0.365" /><testcase classname="backend.tests.test_auth_stripe.TestStripeCheckout" name="test_checkout_valid_creates_session" time="0.670" /><testcase classname="backend.tests.test_auth_stripe.TestStripeCheckout" name="test_status_own_session" time="0.299" /><testcase classname="backend.tests.test_auth_stripe.TestStripeCheckout" name="test_status_other_user_returns_403" time="0.874" /><testcase classname="backend.tests.test_auth_stripe.TestStripeCheckout" name="test_status_requires_auth" time="0.107" /></testsuite></testsuites>